
*** Running vivado
    with args -log hex_7seg.vdi -applog -m64 -product Vivado -messageDb vivado.pb -mode batch -source hex_7seg.tcl -notrace



****** Vivado v2020.2 (64-bit)
  **** SW Build 3064766 on Wed Nov 18 09:12:45 MST 2020
  **** IP Build 3064653 on Wed Nov 18 14:17:31 MST 2020
    ** Copyright 1986-2020 Xilinx, Inc. All Rights Reserved.

source hex_7seg.tcl -notrace
Command: link_design -top hex_7seg -part xc7a50ticsg324-1L
Design is defaulting to srcset: sources_1
Design is defaulting to constrset: constrs_1
INFO: [Device 21-403] Loading part xc7a50ticsg324-1L
Netlist sorting complete. Time (s): cpu = 00:00:00 ; elapsed = 00:00:00 . Memory (MB): peak = 1003.770 ; gain = 0.000
INFO: [Project 1-479] Netlist was created with Vivado 2020.2
INFO: [Project 1-570] Preparing netlist for logic optimization
Parsing XDC File [C:/Git/Digital-electronics-1/Labs/04-segment/04-segment/04-segment.srcs/constrs_1/new/nexys-a7-50t.xdc]
WARNING: [Vivado 12-584] No ports matched 'LED[0]'. [C:/Git/Digital-electronics-1/Labs/04-segment/04-segment/04-segment.srcs/constrs_1/new/nexys-a7-50t.xdc:30]
CRITICAL WARNING: [Common 17-55] 'set_property' expects at least one object. [C:/Git/Digital-electronics-1/Labs/04-segment/04-segment/04-segment.srcs/constrs_1/new/nexys-a7-50t.xdc:30]
Resolution: If [get_<value>] was used to populate the object, check to make sure this command returns at least one valid object.
WARNING: [Vivado 12-584] No ports matched 'LED[1]'. [C:/Git/Digital-electronics-1/Labs/04-segment/04-segment/04-segment.srcs/constrs_1/new/nexys-a7-50t.xdc:31]
CRITICAL WARNING: [Common 17-55] 'set_property' expects at least one object. [C:/Git/Digital-electronics-1/Labs/04-segment/04-segment/04-segment.srcs/constrs_1/new/nexys-a7-50t.xdc:31]
Resolution: If [get_<value>] was used to populate the object, check to make sure this command returns at least one valid object.
WARNING: [Vivado 12-584] No ports matched 'LED[2]'. [C:/Git/Digital-electronics-1/Labs/04-segment/04-segment/04-segment.srcs/constrs_1/new/nexys-a7-50t.xdc:32]
CRITICAL WARNING: [Common 17-55] 'set_property' expects at least one object. [C:/Git/Digital-electronics-1/Labs/04-segment/04-segment/04-segment.srcs/constrs_1/new/nexys-a7-50t.xdc:32]
Resolution: If [get_<value>] was used to populate the object, check to make sure this command returns at least one valid object.
WARNING: [Vivado 12-584] No ports matched 'LED[3]'. [C:/Git/Digital-electronics-1/Labs/04-segment/04-segment/04-segment.srcs/constrs_1/new/nexys-a7-50t.xdc:33]
CRITICAL WARNING: [Common 17-55] 'set_property' expects at least one object. [C:/Git/Digital-electronics-1/Labs/04-segment/04-segment/04-segment.srcs/constrs_1/new/nexys-a7-50t.xdc:33]
Resolution: If [get_<value>] was used to populate the object, check to make sure this command returns at least one valid object.
WARNING: [Vivado 12-584] No ports matched 'LED[4]'. [C:/Git/Digital-electronics-1/Labs/04-segment/04-segment/04-segment.srcs/constrs_1/new/nexys-a7-50t.xdc:34]
CRITICAL WARNING: [Common 17-55] 'set_property' expects at least one object. [C:/Git/Digital-electronics-1/Labs/04-segment/04-segment/04-segment.srcs/constrs_1/new/nexys-a7-50t.xdc:34]
Resolution: If [get_<value>] was used to populate the object, check to make sure this command returns at least one valid object.
WARNING: [Vivado 12-584] No ports matched 'LED[5]'. [C:/Git/Digital-electronics-1/Labs/04-segment/04-segment/04-segment.srcs/constrs_1/new/nexys-a7-50t.xdc:35]
CRITICAL WARNING: [Common 17-55] 'set_property' expects at least one object. [C:/Git/Digital-electronics-1/Labs/04-segment/04-segment/04-segment.srcs/constrs_1/new/nexys-a7-50t.xdc:35]
Resolution: If [get_<value>] was used to populate the object, check to make sure this command returns at least one valid object.
WARNING: [Vivado 12-584] No ports matched 'LED[6]'. [C:/Git/Digital-electronics-1/Labs/04-segment/04-segment/04-segment.srcs/constrs_1/new/nexys-a7-50t.xdc:36]
CRITICAL WARNING: [Common 17-55] 'set_property' expects at least one object. [C:/Git/Digital-electronics-1/Labs/04-segment/04-segment/04-segment.srcs/constrs_1/new/nexys-a7-50t.xdc:36]
Resolution: If [get_<value>] was used to populate the object, check to make sure this command returns at least one valid object.
WARNING: [Vivado 12-584] No ports matched 'LED[7]'. [C:/Git/Digital-electronics-1/Labs/04-segment/04-segment/04-segment.srcs/constrs_1/new/nexys-a7-50t.xdc:37]
CRITICAL WARNING: [Common 17-55] 'set_property' expects at least one object. [C:/Git/Digital-electronics-1/Labs/04-segment/04-segment/04-segment.srcs/constrs_1/new/nexys-a7-50t.xdc:37]
Resolution: If [get_<value>] was used to populate the object, check to make sure this command returns at least one valid object.
WARNING: [Vivado 12-584] No ports matched 'CA'. [C:/Git/Digital-electronics-1/Labs/04-segment/04-segment/04-segment.srcs/constrs_1/new/nexys-a7-50t.xdc:56]
CRITICAL WARNING: [Common 17-55] 'set_property' expects at least one object. [C:/Git/Digital-electronics-1/Labs/04-segment/04-segment/04-segment.srcs/constrs_1/new/nexys-a7-50t.xdc:56]
Resolution: If [get_<value>] was used to populate the object, check to make sure this command returns at least one valid object.
WARNING: [Vivado 12-584] No ports matched 'CB'. [C:/Git/Digital-electronics-1/Labs/04-segment/04-segment/04-segment.srcs/constrs_1/new/nexys-a7-50t.xdc:57]
CRITICAL WARNING: [Common 17-55] 'set_property' expects at least one object. [C:/Git/Digital-electronics-1/Labs/04-segment/04-segment/04-segment.srcs/constrs_1/new/nexys-a7-50t.xdc:57]
Resolution: If [get_<value>] was used to populate the object, check to make sure this command returns at least one valid object.
WARNING: [Vivado 12-584] No ports matched 'CC'. [C:/Git/Digital-electronics-1/Labs/04-segment/04-segment/04-segment.srcs/constrs_1/new/nexys-a7-50t.xdc:58]
CRITICAL WARNING: [Common 17-55] 'set_property' expects at least one object. [C:/Git/Digital-electronics-1/Labs/04-segment/04-segment/04-segment.srcs/constrs_1/new/nexys-a7-50t.xdc:58]
Resolution: If [get_<value>] was used to populate the object, check to make sure this command returns at least one valid object.
WARNING: [Vivado 12-584] No ports matched 'CD'. [C:/Git/Digital-electronics-1/Labs/04-segment/04-segment/04-segment.srcs/constrs_1/new/nexys-a7-50t.xdc:59]
CRITICAL WARNING: [Common 17-55] 'set_property' expects at least one object. [C:/Git/Digital-electronics-1/Labs/04-segment/04-segment/04-segment.srcs/constrs_1/new/nexys-a7-50t.xdc:59]
Resolution: If [get_<value>] was used to populate the object, check to make sure this command returns at least one valid object.
WARNING: [Vivado 12-584] No ports matched 'CE'. [C:/Git/Digital-electronics-1/Labs/04-segment/04-segment/04-segment.srcs/constrs_1/new/nexys-a7-50t.xdc:60]
CRITICAL WARNING: [Common 17-55] 'set_property' expects at least one object. [C:/Git/Digital-electronics-1/Labs/04-segment/04-segment/04-segment.srcs/constrs_1/new/nexys-a7-50t.xdc:60]
Resolution: If [get_<value>] was used to populate the object, check to make sure this command returns at least one valid object.
WARNING: [Vivado 12-584] No ports matched 'CF'. [C:/Git/Digital-electronics-1/Labs/04-segment/04-segment/04-segment.srcs/constrs_1/new/nexys-a7-50t.xdc:61]
CRITICAL WARNING: [Common 17-55] 'set_property' expects at least one object. [C:/Git/Digital-electronics-1/Labs/04-segment/04-segment/04-segment.srcs/constrs_1/new/nexys-a7-50t.xdc:61]
Resolution: If [get_<value>] was used to populate the object, check to make sure this command returns at least one valid object.
WARNING: [Vivado 12-584] No ports matched 'CG'. [C:/Git/Digital-electronics-1/Labs/04-segment/04-segment/04-segment.srcs/constrs_1/new/nexys-a7-50t.xdc:62]
CRITICAL WARNING: [Common 17-55] 'set_property' expects at least one object. [C:/Git/Digital-electronics-1/Labs/04-segment/04-segment/04-segment.srcs/constrs_1/new/nexys-a7-50t.xdc:62]
Resolution: If [get_<value>] was used to populate the object, check to make sure this command returns at least one valid object.
WARNING: [Vivado 12-584] No ports matched 'AN[1]'. [C:/Git/Digital-electronics-1/Labs/04-segment/04-segment/04-segment.srcs/constrs_1/new/nexys-a7-50t.xdc:64]
CRITICAL WARNING: [Common 17-55] 'set_property' expects at least one object. [C:/Git/Digital-electronics-1/Labs/04-segment/04-segment/04-segment.srcs/constrs_1/new/nexys-a7-50t.xdc:64]
Resolution: If [get_<value>] was used to populate the object, check to make sure this command returns at least one valid object.
WARNING: [Vivado 12-584] No ports matched 'AN[2]'. [C:/Git/Digital-electronics-1/Labs/04-segment/04-segment/04-segment.srcs/constrs_1/new/nexys-a7-50t.xdc:65]
CRITICAL WARNING: [Common 17-55] 'set_property' expects at least one object. [C:/Git/Digital-electronics-1/Labs/04-segment/04-segment/04-segment.srcs/constrs_1/new/nexys-a7-50t.xdc:65]
Resolution: If [get_<value>] was used to populate the object, check to make sure this command returns at least one valid object.
WARNING: [Vivado 12-584] No ports matched 'AN[3]'. [C:/Git/Digital-electronics-1/Labs/04-segment/04-segment/04-segment.srcs/constrs_1/new/nexys-a7-50t.xdc:66]
CRITICAL WARNING: [Common 17-55] 'set_property' expects at least one object. [C:/Git/Digital-electronics-1/Labs/04-segment/04-segment/04-segment.srcs/constrs_1/new/nexys-a7-50t.xdc:66]
Resolution: If [get_<value>] was used to populate the object, check to make sure this command returns at least one valid object.
WARNING: [Vivado 12-584] No ports matched 'AN[4]'. [C:/Git/Digital-electronics-1/Labs/04-segment/04-segment/04-segment.srcs/constrs_1/new/nexys-a7-50t.xdc:67]
CRITICAL WARNING: [Common 17-55] 'set_property' expects at least one object. [C:/Git/Digital-electronics-1/Labs/04-segment/04-segment/04-segment.srcs/constrs_1/new/nexys-a7-50t.xdc:67]
Resolution: If [get_<value>] was used to populate the object, check to make sure this command returns at least one valid object.
WARNING: [Vivado 12-584] No ports matched 'AN[5]'. [C:/Git/Digital-electronics-1/Labs/04-segment/04-segment/04-segment.srcs/constrs_1/new/nexys-a7-50t.xdc:68]
CRITICAL WARNING: [Common 17-55] 'set_property' expects at least one object. [C:/Git/Digital-electronics-1/Labs/04-segment/04-segment/04-segment.srcs/constrs_1/new/nexys-a7-50t.xdc:68]
Resolution: If [get_<value>] was used to populate the object, check to make sure this command returns at least one valid object.
WARNING: [Vivado 12-584] No ports matched 'AN[6]'. [C:/Git/Digital-electronics-1/Labs/04-segment/04-segment/04-segment.srcs/constrs_1/new/nexys-a7-50t.xdc:69]
CRITICAL WARNING: [Common 17-55] 'set_property' expects at least one object. [C:/Git/Digital-electronics-1/Labs/04-segment/04-segment/04-segment.srcs/constrs_1/new/nexys-a7-50t.xdc:69]
Resolution: If [get_<value>] was used to populate the object, check to make sure this command returns at least one valid object.
WARNING: [Vivado 12-584] No ports matched 'AN[7]'. [C:/Git/Digital-electronics-1/Labs/04-segment/04-segment/04-segment.srcs/constrs_1/new/nexys-a7-50t.xdc:70]
CRITICAL WARNING: [Common 17-55] 'set_property' expects at least one object. [C:/Git/Digital-electronics-1/Labs/04-segment/04-segment/04-segment.srcs/constrs_1/new/nexys-a7-50t.xdc:70]
Resolution: If [get_<value>] was used to populate the object, check to make sure this command returns at least one valid object.
Finished Parsing XDC File [C:/Git/Digital-electronics-1/Labs/04-segment/04-segment/04-segment.srcs/constrs_1/new/nexys-a7-50t.xdc]
INFO: [Opt 31-138] Pushed 0 inverter(s) to 0 load pin(s).
Netlist sorting complete. Time (s): cpu = 00:00:00 ; elapsed = 00:00:00 . Memory (MB): peak = 1003.770 ; gain = 0.000
INFO: [Project 1-111] Unisim Transformation Summary:
No Unisim elements were transformed.

5 Infos, 22 Warnings, 22 Critical Warnings and 0 Errors encountered.
link_design completed successfully
link_design: Time (s): cpu = 00:00:16 ; elapsed = 00:00:27 . Memory (MB): peak = 1003.770 ; gain = 0.000
Command: opt_design
Attempting to get a license for feature 'Implementation' and/or device 'xc7a50ti'
INFO: [Common 17-349] Got license for feature 'Implementation' and/or device 'xc7a50ti'
Running DRC as a precondition to command opt_design

Starting DRC Task
INFO: [DRC 23-27] Running DRC with 2 threads
INFO: [Project 1-461] DRC finished with 0 Errors
INFO: [Project 1-462] Please refer to the DRC report (report_drc) for more information.

Time (s): cpu = 00:00:05 ; elapsed = 00:00:04 . Memory (MB): peak = 1003.770 ; gain = 0.000

Starting Cache Timing Information Task
INFO: [Timing 38-35] Done setting XDC timing constraints.
Ending Cache Timing Information Task | Checksum: 1923f8979

Time (s): cpu = 00:00:25 ; elapsed = 00:00:34 . Memory (MB): peak = 1185.133 ; gain = 181.363

Starting Logic Optimization Task

Phase 1 Retarget
INFO: [Opt 31-138] Pushed 0 inverter(s) to 0 load pin(s).
INFO: [Opt 31-49] Retargeted 0 cell(s).
Phase 1 Retarget | Checksum: 1923f8979

Time (s): cpu = 00:00:00 ; elapsed = 00:00:02 . Memory (MB): peak = 1394.602 ; gain = 0.000
INFO: [Opt 31-389] Phase Retarget created 0 cells and removed 0 cells

Phase 2 Constant propagation
INFO: [Opt 31-138] Pushed 0 inverter(s) to 0 load pin(s).
Phase 2 Constant propagation | Checksum: 1923f8979

Time (s): cpu = 00:00:00 ; elapsed = 00:00:02 . Memory (MB): peak = 1394.602 ; gain = 0.000
INFO: [Opt 31-389] Phase Constant propagation created 0 cells and removed 0 cells

Phase 3 Sweep
Phase 3 Sweep | Checksum: 1923f8979

Time (s): cpu = 00:00:00 ; elapsed = 00:00:03 . Memory (MB): peak = 1394.602 ; gain = 0.000
INFO: [Opt 31-389] Phase Sweep created 0 cells and removed 0 cells

Phase 4 BUFG optimization
Phase 4 BUFG optimization | Checksum: 1923f8979

Time (s): cpu = 00:00:00 ; elapsed = 00:00:03 . Memory (MB): peak = 1394.602 ; gain = 0.000
INFO: [Opt 31-662] Phase BUFG optimization created 0 cells of which 0 are BUFGs and removed 0 cells.

Phase 5 Shift Register Optimization
INFO: [Opt 31-1064] SRL Remap converted 0 SRLs to 0 registers and converted 0 registers of register chains to 0 SRLs
Phase 5 Shift Register Optimization | Checksum: 1923f8979

Time (s): cpu = 00:00:00 ; elapsed = 00:00:03 . Memory (MB): peak = 1394.602 ; gain = 0.000
INFO: [Opt 31-389] Phase Shift Register Optimization created 0 cells and removed 0 cells

Phase 6 Post Processing Netlist
Phase 6 Post Processing Netlist | Checksum: 1923f8979

Time (s): cpu = 00:00:00 ; elapsed = 00:00:03 . Memory (MB): peak = 1394.602 ; gain = 0.000
INFO: [Opt 31-389] Phase Post Processing Netlist created 0 cells and removed 0 cells
Opt_design Change Summary
=========================


-------------------------------------------------------------------------------------------------------------------------
|  Phase                        |  #Cells created  |  #Cells Removed  |  #Constrained objects preventing optimizations  |
-------------------------------------------------------------------------------------------------------------------------
|  Retarget                     |               0  |               0  |                                              0  |
|  Constant propagation         |               0  |               0  |                                              0  |
|  Sweep                        |               0  |               0  |                                              0  |
|  BUFG optimization            |               0  |               0  |                                              0  |
|  Shift Register Optimization  |               0  |               0  |                                              0  |
|  Post Processing Netlist      |               0  |               0  |                                              0  |
-------------------------------------------------------------------------------------------------------------------------



Starting Connectivity Check Task

Time (s): cpu = 00:00:00 ; elapsed = 00:00:00.006 . Memory (MB): peak = 1394.602 ; gain = 0.000
Ending Logic Optimization Task | Checksum: 1923f8979

Time (s): cpu = 00:00:00 ; elapsed = 00:00:03 . Memory (MB): peak = 1394.602 ; gain = 0.000

Starting Power Optimization Task
INFO: [Pwropt 34-132] Skipping clock gating for clocks with a period < 2.00 ns.
Ending Power Optimization Task | Checksum: 1923f8979

Time (s): cpu = 00:00:00 ; elapsed = 00:00:00.397 . Memory (MB): peak = 1394.602 ; gain = 0.000

Starting Final Cleanup Task
Ending Final Cleanup Task | Checksum: 1923f8979

Time (s): cpu = 00:00:00 ; elapsed = 00:00:00.012 . Memory (MB): peak = 1394.602 ; gain = 0.000

Starting Netlist Obfuscation Task
Netlist sorting complete. Time (s): cpu = 00:00:00 ; elapsed = 00:00:00.001 . Memory (MB): peak = 1394.602 ; gain = 0.000
Ending Netlist Obfuscation Task | Checksum: 1923f8979

Time (s): cpu = 00:00:00 ; elapsed = 00:00:00.001 . Memory (MB): peak = 1394.602 ; gain = 0.000
INFO: [Common 17-83] Releasing license: Implementation
22 Infos, 22 Warnings, 22 Critical Warnings and 0 Errors encountered.
opt_design completed successfully
opt_design: Time (s): cpu = 00:00:36 ; elapsed = 00:00:50 . Memory (MB): peak = 1394.602 ; gain = 390.832
INFO: [Timing 38-480] Writing timing data to binary archive.
INFO: [Common 17-1381] The checkpoint 'C:/Git/Digital-electronics-1/Labs/04-segment/04-segment/04-segment.runs/impl_1/hex_7seg_opt.dcp' has been generated.
INFO: [runtcl-4] Executing : report_drc -file hex_7seg_drc_opted.rpt -pb hex_7seg_drc_opted.pb -rpx hex_7seg_drc_opted.rpx
Command: report_drc -file hex_7seg_drc_opted.rpt -pb hex_7seg_drc_opted.pb -rpx hex_7seg_drc_opted.rpx
INFO: [IP_Flow 19-234] Refreshing IP repositories
INFO: [IP_Flow 19-1704] No user IP repositories specified
INFO: [IP_Flow 19-2313] Loaded Vivado IP repository 'C:/Xilinx/Vivado/2020.2/data/ip'.
INFO: [Timing 38-35] Done setting XDC timing constraints.
INFO: [DRC 23-27] Running DRC with 2 threads
INFO: [Coretcl 2-168] The results of DRC are in file C:/Git/Digital-electronics-1/Labs/04-segment/04-segment/04-segment.runs/impl_1/hex_7seg_drc_opted.rpt.
report_drc completed successfully
report_drc: Time (s): cpu = 00:00:07 ; elapsed = 00:00:32 . Memory (MB): peak = 1439.578 ; gain = 44.977
Command: place_design
Attempting to get a license for feature 'Implementation' and/or device 'xc7a50ti'
INFO: [Common 17-349] Got license for feature 'Implementation' and/or device 'xc7a50ti'
INFO: [DRC 23-27] Running DRC with 2 threads
INFO: [Vivado_Tcl 4-198] DRC finished with 0 Errors
INFO: [Vivado_Tcl 4-199] Please refer to the DRC report (report_drc) for more information.
Running DRC as a precondition to command place_design
INFO: [DRC 23-27] Running DRC with 2 threads
INFO: [Vivado_Tcl 4-198] DRC finished with 0 Errors
INFO: [Vivado_Tcl 4-199] Please refer to the DRC report (report_drc) for more information.

Starting Placer Task
INFO: [Place 30-611] Multithreading enabled for place_design using a maximum of 2 CPUs

Phase 1 Placer Initialization

Phase 1.1 Placer Initialization Netlist Sorting
Netlist sorting complete. Time (s): cpu = 00:00:00 ; elapsed = 00:00:00 . Memory (MB): peak = 1439.625 ; gain = 0.000
Phase 1.1 Placer Initialization Netlist Sorting | Checksum: eb2aa766

Time (s): cpu = 00:00:00 ; elapsed = 00:00:00.168 . Memory (MB): peak = 1439.625 ; gain = 0.000
Netlist sorting complete. Time (s): cpu = 00:00:00 ; elapsed = 00:00:00 . Memory (MB): peak = 1439.625 ; gain = 0.000

Phase 1.2 IO Placement/ Clock Placement/ Build Placer Device
Phase 1.2 IO Placement/ Clock Placement/ Build Placer Device | Checksum: 19e674d93

Time (s): cpu = 00:00:00 ; elapsed = 00:00:00.743 . Memory (MB): peak = 1439.625 ; gain = 0.000

Phase 1.3 Build Placer Netlist Model
Phase 1.3 Build Placer Netlist Model | Checksum: 1dec45e81

Time (s): cpu = 00:00:00 ; elapsed = 00:00:01 . Memory (MB): peak = 1439.625 ; gain = 0.000

Phase 1.4 Constrain Clocks/Macros
Phase 1.4 Constrain Clocks/Macros | Checksum: 1dec45e81

Time (s): cpu = 00:00:00 ; elapsed = 00:00:01 . Memory (MB): peak = 1439.625 ; gain = 0.000
Phase 1 Placer Initialization | Checksum: 1dec45e81

Time (s): cpu = 00:00:00 ; elapsed = 00:00:01 . Memory (MB): peak = 1439.625 ; gain = 0.000

Phase 2 Global Placement

Phase 2.1 Floorplanning
Phase 2.1 Floorplanning | Checksum: 1dec45e81

Time (s): cpu = 00:00:00 ; elapsed = 00:00:01 . Memory (MB): peak = 1439.625 ; gain = 0.000

Phase 2.2 Update Timing before SLR Path Opt
Phase 2.2 Update Timing before SLR Path Opt | Checksum: 1dec45e81

Time (s): cpu = 00:00:00 ; elapsed = 00:00:01 . Memory (MB): peak = 1439.625 ; gain = 0.000

Phase 2.3 Global Placement Core
WARNING: [Place 46-29] place_design is not in timing mode. Skip physical synthesis in placer
Phase 2.3 Global Placement Core | Checksum: 24aba373d

Time (s): cpu = 00:00:03 ; elapsed = 00:00:03 . Memory (MB): peak = 1439.625 ; gain = 0.000
Phase 2 Global Placement | Checksum: 24aba373d

Time (s): cpu = 00:00:03 ; elapsed = 00:00:03 . Memory (MB): peak = 1439.625 ; gain = 0.000

Phase 3 Detail Placement

Phase 3.1 Commit Multi Column Macros
Phase 3.1 Commit Multi Column Macros | Checksum: 24aba373d

Time (s): cpu = 00:00:03 ; elapsed = 00:00:03 . Memory (MB): peak = 1439.625 ; gain = 0.000

Phase 3.2 Commit Most Macros & LUTRAMs
Phase 3.2 Commit Most Macros & LUTRAMs | Checksum: 252de9c7f

Time (s): cpu = 00:00:03 ; elapsed = 00:00:03 . Memory (MB): peak = 1439.625 ; gain = 0.000

Phase 3.3 Area Swap Optimization
Phase 3.3 Area Swap Optimization | Checksum: 28ff8194a

Time (s): cpu = 00:00:03 ; elapsed = 00:00:03 . Memory (MB): peak = 1439.625 ; gain = 0.000

Phase 3.4 Pipeline Register Optimization
Phase 3.4 Pipeline Register Optimization | Checksum: 28ff8194a

Time (s): cpu = 00:00:03 ; elapsed = 00:00:03 . Memory (MB): peak = 1439.625 ; gain = 0.000

Phase 3.5 Small Shape Detail Placement
Phase 3.5 Small Shape Detail Placement | Checksum: 16954c843

Time (s): cpu = 00:00:05 ; elapsed = 00:00:04 . Memory (MB): peak = 1439.625 ; gain = 0.000

Phase 3.6 Re-assign LUT pins
Phase 3.6 Re-assign LUT pins | Checksum: 16954c843

Time (s): cpu = 00:00:05 ; elapsed = 00:00:04 . Memory (MB): peak = 1439.625 ; gain = 0.000

Phase 3.7 Pipeline Register Optimization
Phase 3.7 Pipeline Register Optimization | Checksum: 16954c843

Time (s): cpu = 00:00:05 ; elapsed = 00:00:04 . Memory (MB): peak = 1439.625 ; gain = 0.000
Phase 3 Detail Placement | Checksum: 16954c843

Time (s): cpu = 00:00:05 ; elapsed = 00:00:04 . Memory (MB): peak = 1439.625 ; gain = 0.000

Phase 4 Post Placement Optimization and Clean-Up

Phase 4.1 Post Commit Optimization
Phase 4.1 Post Commit Optimization | Checksum: 16954c843

Time (s): cpu = 00:00:05 ; elapsed = 00:00:04 . Memory (MB): peak = 1439.625 ; gain = 0.000

Phase 4.2 Post Placement Cleanup
Phase 4.2 Post Placement Cleanup | Checksum: 16954c843

Time (s): cpu = 00:00:05 ; elapsed = 00:00:04 . Memory (MB): peak = 1439.625 ; gain = 0.000

Phase 4.3 Placer Reporting

Phase 4.3.1 Print Estimated Congestion
INFO: [Place 30-612] Post-Placement Estimated Congestion 
 ____________________________________________________
|           | Global Congestion | Short Congestion  |
| Direction | Region Size       | Region Size       |
|___________|___________________|___________________|
|      North|                1x1|                1x1|
|___________|___________________|___________________|
|      South|                1x1|                1x1|
|___________|___________________|___________________|
|       East|                1x1|                1x1|
|___________|___________________|___________________|
|       West|                1x1|                1x1|
|___________|___________________|___________________|

Phase 4.3.1 Print Estimated Congestion | Checksum: 16954c843

Time (s): cpu = 00:00:05 ; elapsed = 00:00:04 . Memory (MB): peak = 1439.625 ; gain = 0.000
Phase 4.3 Placer Reporting | Checksum: 16954c843

Time (s): cpu = 00:00:05 ; elapsed = 00:00:04 . Memory (MB): peak = 1439.625 ; gain = 0.000

Phase 4.4 Final Placement Cleanup
Netlist sorting complete. Time (s): cpu = 00:00:00 ; elapsed = 00:00:00.001 . Memory (MB): peak = 1439.625 ; gain = 0.000

Time (s): cpu = 00:00:05 ; elapsed = 00:00:04 . Memory (MB): peak = 1439.625 ; gain = 0.000
Phase 4 Post Placement Optimization and Clean-Up | Checksum: 16954c843

Time (s): cpu = 00:00:05 ; elapsed = 00:00:04 . Memory (MB): peak = 1439.625 ; gain = 0.000
Ending Placer Task | Checksum: 13f606952

Time (s): cpu = 00:00:05 ; elapsed = 00:00:04 . Memory (MB): peak = 1439.625 ; gain = 0.000
INFO: [Common 17-83] Releasing license: Implementation
41 Infos, 23 Warnings, 22 Critical Warnings and 0 Errors encountered.
place_design completed successfully
place_design: Time (s): cpu = 00:00:09 ; elapsed = 00:00:07 . Memory (MB): peak = 1439.625 ; gain = 0.047
INFO: [Timing 38-480] Writing timing data to binary archive.
Writing placer database...
Writing XDEF routing.
Writing XDEF routing logical nets.
Writing XDEF routing special nets.
Write XDEF Complete: Time (s): cpu = 00:00:00 ; elapsed = 00:00:00.141 . Memory (MB): peak = 1439.625 ; gain = 0.000
INFO: [Common 17-1381] The checkpoint 'C:/Git/Digital-electronics-1/Labs/04-segment/04-segment/04-segment.runs/impl_1/hex_7seg_placed.dcp' has been generated.
INFO: [runtcl-4] Executing : report_io -file hex_7seg_io_placed.rpt
report_io: Time (s): cpu = 00:00:00 ; elapsed = 00:00:00.106 . Memory (MB): peak = 1439.625 ; gain = 0.000
INFO: [runtcl-4] Executing : report_utilization -file hex_7seg_utilization_placed.rpt -pb hex_7seg_utilization_placed.pb
INFO: [runtcl-4] Executing : report_control_sets -verbose -file hex_7seg_control_sets_placed.rpt
report_control_sets: Time (s): cpu = 00:00:00 ; elapsed = 00:00:00.012 . Memory (MB): peak = 1439.625 ; gain = 0.000
Command: phys_opt_design
Attempting to get a license for feature 'Implementation' and/or device 'xc7a50ti'
INFO: [Common 17-349] Got license for feature 'Implementation' and/or device 'xc7a50ti'
INFO: [Vivado_Tcl 4-235] No timing constraint found. The netlist was not modified.
INFO: [Common 17-83] Releasing license: Implementation
49 Infos, 23 Warnings, 22 Critical Warnings and 0 Errors encountered.
phys_opt_design completed successfully
INFO: [Timing 38-480] Writing timing data to binary archive.
Writing placer database...
Writing XDEF routing.
Writing XDEF routing logical nets.
Writing XDEF routing special nets.
Write XDEF Complete: Time (s): cpu = 00:00:01 ; elapsed = 00:00:00.191 . Memory (MB): peak = 1439.625 ; gain = 0.000
INFO: [Common 17-1381] The checkpoint 'C:/Git/Digital-electronics-1/Labs/04-segment/04-segment/04-segment.runs/impl_1/hex_7seg_physopt.dcp' has been generated.
Command: route_design
Attempting to get a license for feature 'Implementation' and/or device 'xc7a50ti'
INFO: [Common 17-349] Got license for feature 'Implementation' and/or device 'xc7a50ti'
Running DRC as a precondition to command route_design
INFO: [DRC 23-27] Running DRC with 2 threads
INFO: [Vivado_Tcl 4-198] DRC finished with 0 Errors
INFO: [Vivado_Tcl 4-199] Please refer to the DRC report (report_drc) for more information.


Starting Routing Task
INFO: [Route 35-254] Multithreading enabled for route_design using a maximum of 2 CPUs
Checksum: PlaceDB: 5435c1ec ConstDB: 0 ShapeSum: eb2aa766 RouteDB: 0

Phase 1 Build RT Design
Phase 1 Build RT Design | Checksum: 1398514ff

Time (s): cpu = 00:00:45 ; elapsed = 00:00:41 . Memory (MB): peak = 1518.230 ; gain = 74.977
Post Restoration Checksum: NetGraph: f15fb8af NumContArr: 48255c50 Constraints: 0 Timing: 0

Phase 2 Router Initialization
INFO: [Route 35-64] No timing constraints were detected. The router will operate in resource-optimization mode.

Phase 2.1 Fix Topology Constraints
Phase 2.1 Fix Topology Constraints | Checksum: 1398514ff

Time (s): cpu = 00:00:45 ; elapsed = 00:00:41 . Memory (MB): peak = 1524.258 ; gain = 81.004

Phase 2.2 Pre Route Cleanup
Phase 2.2 Pre Route Cleanup | Checksum: 1398514ff

Time (s): cpu = 00:00:45 ; elapsed = 00:00:41 . Memory (MB): peak = 1524.258 ; gain = 81.004
 Number of Nodes with overlaps = 0
Phase 2 Router Initialization | Checksum: 99e70841

Time (s): cpu = 00:00:45 ; elapsed = 00:00:41 . Memory (MB): peak = 1528.996 ; gain = 85.742

Router Utilization Summary
  Global Vertical Routing Utilization    = 0 %
  Global Horizontal Routing Utilization  = 0 %
  Routable Net Status*
  *Does not include unroutable nets such as driverless and loadless.
  Run report_route_status for detailed report.
  Number of Failed Nets               = 11
    (Failed Nets is the sum of unrouted and partially routed nets)
  Number of Unrouted Nets             = 11
  Number of Partially Routed Nets     = 0
  Number of Node Overlaps             = 0


Phase 3 Initial Routing

Phase 3.1 Global Routing
Phase 3.1 Global Routing | Checksum: 99e70841

Time (s): cpu = 00:00:45 ; elapsed = 00:00:41 . Memory (MB): peak = 1530.055 ; gain = 86.801
Phase 3 Initial Routing | Checksum: 1a7058699

Time (s): cpu = 00:00:45 ; elapsed = 00:00:42 . Memory (MB): peak = 1530.055 ; gain = 86.801

Phase 4 Rip-up And Reroute

Phase 4.1 Global Iteration 0
 Number of Nodes with overlaps = 0
Phase 4.1 Global Iteration 0 | Checksum: 11f5a06aa

Time (s): cpu = 00:00:46 ; elapsed = 00:00:42 . Memory (MB): peak = 1530.055 ; gain = 86.801
Phase 4 Rip-up And Reroute | Checksum: 11f5a06aa

Time (s): cpu = 00:00:46 ; elapsed = 00:00:42 . Memory (MB): peak = 1530.055 ; gain = 86.801

Phase 5 Delay and Skew Optimization
Phase 5 Delay and Skew Optimization | Checksum: 11f5a06aa

Time (s): cpu = 00:00:46 ; elapsed = 00:00:42 . Memory (MB): peak = 1530.055 ; gain = 86.801

Phase 6 Post Hold Fix

Phase 6.1 Hold Fix Iter
Phase 6.1 Hold Fix Iter | Checksum: 11f5a06aa

Time (s): cpu = 00:00:46 ; elapsed = 00:00:42 . Memory (MB): peak = 1530.055 ; gain = 86.801
Phase 6 Post Hold Fix | Checksum: 11f5a06aa

Time (s): cpu = 00:00:46 ; elapsed = 00:00:42 . Memory (MB): peak = 1530.055 ; gain = 86.801

Phase 7 Route finalize

Router Utilization Summary
  Global Vertical Routing Utilization    = 0.00302958 %
  Global Horizontal Routing Utilization  = 0.00364394 %
  Routable Net Status*
  *Does not include unroutable nets such as driverless and loadless.
  Run report_route_status for detailed report.
  Number of Failed Nets               = 0
    (Failed Nets is the sum of unrouted and partially routed nets)
  Number of Unrouted Nets             = 0
  Number of Partially Routed Nets     = 0
  Number of Node Overlaps             = 0

Congestion Report
North Dir 1x1 Area, Max Cong = 3.6036%, No Congested Regions.
South Dir 1x1 Area, Max Cong = 13.5135%, No Congested Regions.
East Dir 1x1 Area, Max Cong = 2.94118%, No Congested Regions.
West Dir 1x1 Area, Max Cong = 13.2353%, No Congested Regions.

------------------------------
Reporting congestion hotspots
------------------------------
Direction: North
----------------
Congested clusters found at Level 0
Effective congestion level: 0 Aspect Ratio: 1 Sparse Ratio: 0
Direction: South
----------------
Congested clusters found at Level 0
Effective congestion level: 0 Aspect Ratio: 1 Sparse Ratio: 0
Direction: East
----------------
Congested clusters found at Level 0
Effective congestion level: 0 Aspect Ratio: 1 Sparse Ratio: 0
Direction: West
----------------
Congested clusters found at Level 0
Effective congestion level: 0 Aspect Ratio: 1 Sparse Ratio: 0

Phase 7 Route finalize | Checksum: 11f5a06aa

Time (s): cpu = 00:00:46 ; elapsed = 00:00:42 . Memory (MB): peak = 1530.055 ; gain = 86.801

Phase 8 Verifying routed nets

 Verification completed successfully
Phase 8 Verifying routed nets | Checksum: 11f5a06aa

Time (s): cpu = 00:00:46 ; elapsed = 00:00:42 . Memory (MB): peak = 1530.719 ; gain = 87.465

Phase 9 Depositing Routes
Phase 9 Depositing Routes | Checksum: 93c1b8e1

Time (s): cpu = 00:00:46 ; elapsed = 00:00:42 . Memory (MB): peak = 1530.719 ; gain = 87.465
INFO: [Route 35-16] Router Completed Successfully

Time (s): cpu = 00:00:46 ; elapsed = 00:00:42 . Memory (MB): peak = 1530.719 ; gain = 87.465

Routing Is Done.
INFO: [Common 17-83] Releasing license: Implementation
59 Infos, 23 Warnings, 22 Critical Warnings and 0 Errors encountered.
route_design completed successfully
route_design: Time (s): cpu = 00:00:50 ; elapsed = 00:00:44 . Memory (MB): peak = 1530.719 ; gain = 91.094
INFO: [Timing 38-480] Writing timing data to binary archive.
Writing placer database...
Writing XDEF routing.
Writing XDEF routing logical nets.
Writing XDEF routing special nets.
Write XDEF Complete: Time (s): cpu = 00:00:00 ; elapsed = 00:00:00.140 . Memory (MB): peak = 1540.566 ; gain = 9.848
INFO: [Common 17-1381] The checkpoint 'C:/Git/Digital-electronics-1/Labs/04-segment/04-segment/04-segment.runs/impl_1/hex_7seg_routed.dcp' has been generated.
INFO: [runtcl-4] Executing : report_drc -file hex_7seg_drc_routed.rpt -pb hex_7seg_drc_routed.pb -rpx hex_7seg_drc_routed.rpx
Command: report_drc -file hex_7seg_drc_routed.rpt -pb hex_7seg_drc_routed.pb -rpx hex_7seg_drc_routed.rpx
INFO: [IP_Flow 19-1839] IP Catalog is up to date.
INFO: [DRC 23-27] Running DRC with 2 threads
INFO: [Coretcl 2-168] The results of DRC are in file C:/Git/Digital-electronics-1/Labs/04-segment/04-segment/04-segment.runs/impl_1/hex_7seg_drc_routed.rpt.
report_drc completed successfully
INFO: [runtcl-4] Executing : report_methodology -file hex_7seg_methodology_drc_routed.rpt -pb hex_7seg_methodology_drc_routed.pb -rpx hex_7seg_methodology_drc_routed.rpx
Command: report_methodology -file hex_7seg_methodology_drc_routed.rpt -pb hex_7seg_methodology_drc_routed.pb -rpx hex_7seg_methodology_drc_routed.rpx
INFO: [Timing 38-35] Done setting XDC timing constraints.
INFO: [DRC 23-133] Running Methodology with 2 threads
INFO: [Coretcl 2-1520] The results of Report Methodology are in file C:/Git/Digital-electronics-1/Labs/04-segment/04-segment/04-segment.runs/impl_1/hex_7seg_methodology_drc_routed.rpt.
report_methodology completed successfully
INFO: [runtcl-4] Executing : report_power -file hex_7seg_power_routed.rpt -pb hex_7seg_power_summary_routed.pb -rpx hex_7seg_power_routed.rpx
Command: report_power -file hex_7seg_power_routed.rpt -pb hex_7seg_power_summary_routed.pb -rpx hex_7seg_power_routed.rpx
INFO: [Timing 38-35] Done setting XDC timing constraints.
WARNING: [Power 33-232] No user defined clocks were found in the design! Power estimation will be inaccurate until this is corrected.
Resolution: Please specify clocks using create_clock/create_generated_clock for sequential elements. For pure combinatorial circuits, please specify a virtual clock, otherwise the vectorless estimation might be inaccurate
Running Vector-less Activity Propagation...

Finished Running Vector-less Activity Propagation
71 Infos, 24 Warnings, 22 Critical Warnings and 0 Errors encountered.
report_power completed successfully
INFO: [runtcl-4] Executing : report_route_status -file hex_7seg_route_status.rpt -pb hex_7seg_route_status.pb
INFO: [runtcl-4] Executing : report_timing_summary -max_paths 10 -file hex_7seg_timing_summary_routed.rpt -pb hex_7seg_timing_summary_routed.pb -rpx hex_7seg_timing_summary_routed.rpx -warn_on_violation 
INFO: [Timing 38-91] UpdateTimingParams: Speed grade: -1L, Delay Type: min_max.
INFO: [Timing 38-191] Multithreading enabled for timing update using a maximum of 2 CPUs
WARNING: [Timing 38-313] There are no user specified timing constraints. Timing constraints are needed for proper timing analysis.
INFO: [runtcl-4] Executing : report_incremental_reuse -file hex_7seg_incremental_reuse_routed.rpt
INFO: [Vivado_Tcl 4-1062] Incremental flow is disabled. No incremental reuse Info to report.
INFO: [runtcl-4] Executing : report_clock_utilization -file hex_7seg_clock_utilization_routed.rpt
INFO: [runtcl-4] Executing : report_bus_skew -warn_on_violation -file hex_7seg_bus_skew_routed.rpt -pb hex_7seg_bus_skew_routed.pb -rpx hex_7seg_bus_skew_routed.rpx
INFO: [Timing 38-91] UpdateTimingParams: Speed grade: -1L, Delay Type: min_max.
INFO: [Timing 38-191] Multithreading enabled for timing update using a maximum of 2 CPUs
Command: write_bitstream -force hex_7seg.bit
Attempting to get a license for feature 'Implementation' and/or device 'xc7a50ti'
INFO: [Common 17-349] Got license for feature 'Implementation' and/or device 'xc7a50ti'
Running DRC as a precondition to command write_bitstream
INFO: [IP_Flow 19-1839] IP Catalog is up to date.
INFO: [DRC 23-27] Running DRC with 2 threads
